0 info it worked if it ends with ok
1 verbose cli [ 'C:\\Program Files\\nodejs\\node.exe',
1 verbose cli   'C:\\Program Files\\nodejs\\node_modules\\npm\\bin\\npm-cli.js',
1 verbose cli   'unpublish',
1 verbose cli   'angular-local-store',
1 verbose cli   '--force' ]
2 info using npm@3.10.10
3 info using node@v6.11.3
4 warn using --force I sure hope you know what you are doing.
5 silly unpublish args[0] angular-local-store
6 silly unpublish thing Result {
6 silly unpublish   raw: 'angular-local-store',
6 silly unpublish   scope: null,
6 silly unpublish   escapedName: 'angular-local-store',
6 silly unpublish   name: 'angular-local-store',
6 silly unpublish   rawSpec: '',
6 silly unpublish   spec: 'latest',
6 silly unpublish   type: 'tag' }
7 verbose getPublishConfig null
8 silly ls normalized angular-local-store
9 silly gentlyRm C:\Users\indiandollar\AppData\Roaming\npm-cache\angular-local-store is being purged
10 verbose gentlyRm don't care about contents; nuking C:\Users\indiandollar\AppData\Roaming\npm-cache\angular-local-store
11 silly vacuum-fs purging C:\Users\indiandollar\AppData\Roaming\npm-cache\angular-local-store
12 silly vacuum-fs quitting because other entries in C:\Users\indiandollar\AppData\Roaming\npm-cache
13 silly mapToRegistry name angular-local-store
14 silly mapToRegistry using default registry
15 silly mapToRegistry registry https://registry.npmjs.org/
16 silly mapToRegistry data Result {
16 silly mapToRegistry   raw: 'angular-local-store',
16 silly mapToRegistry   scope: null,
16 silly mapToRegistry   escapedName: 'angular-local-store',
16 silly mapToRegistry   name: 'angular-local-store',
16 silly mapToRegistry   rawSpec: '',
16 silly mapToRegistry   spec: 'latest',
16 silly mapToRegistry   type: 'tag' }
17 silly mapToRegistry uri https://registry.npmjs.org/angular-local-store
18 verbose get GET as part of write; not caching result
19 verbose request uri https://registry.npmjs.org/angular-local-store?write=true
20 verbose request no auth needed
21 info attempt registry request try #1 at 1:43:40 AM
22 verbose request using bearer token for auth
23 verbose request id 8ed41623bcc0ffcd
24 http request GET https://registry.npmjs.org/angular-local-store?write=true
25 http 200 https://registry.npmjs.org/angular-local-store?write=true
26 verbose headers { server: 'CouchDB/1.5.0 (Erlang OTP/R16B03)',
26 verbose headers   'content-type': 'application/json',
26 verbose headers   etag: '"5a0b45a5-b2f"',
26 verbose headers   'content-encoding': 'gzip',
26 verbose headers   'cache-control': 'max-age=0',
26 verbose headers   'transfer-encoding': 'chunked',
26 verbose headers   'accept-ranges': 'bytes',
26 verbose headers   date: 'Tue, 14 Nov 2017 20:13:45 GMT',
26 verbose headers   via: '1.1 varnish',
26 verbose headers   connection: 'keep-alive',
26 verbose headers   'x-served-by': 'cache-sin18033-SIN',
26 verbose headers   'x-cache': 'MISS',
26 verbose headers   'x-cache-hits': '0',
26 verbose headers   'x-timer': 'S1510690425.119591,VS0,VE860',
26 verbose headers   vary: 'Accept-Encoding' }
27 silly get cb [ 200,
27 silly get   { server: 'CouchDB/1.5.0 (Erlang OTP/R16B03)',
27 silly get     'content-type': 'application/json',
27 silly get     etag: '"5a0b45a5-b2f"',
27 silly get     'content-encoding': 'gzip',
27 silly get     'cache-control': 'max-age=0',
27 silly get     'transfer-encoding': 'chunked',
27 silly get     'accept-ranges': 'bytes',
27 silly get     date: 'Tue, 14 Nov 2017 20:13:45 GMT',
27 silly get     via: '1.1 varnish',
27 silly get     connection: 'keep-alive',
27 silly get     'x-served-by': 'cache-sin18033-SIN',
27 silly get     'x-cache': 'MISS',
27 silly get     'x-cache-hits': '0',
27 silly get     'x-timer': 'S1510690425.119591,VS0,VE860',
27 silly get     vary: 'Accept-Encoding' } ]
28 verbose get saving angular-local-store to C:\Users\indiandollar\AppData\Roaming\npm-cache\registry.npmjs.org\angular-local-store_3Fwrite_3Dtrue\.cache.json
29 verbose correctMkdir C:\Users\indiandollar\AppData\Roaming\npm-cache correctMkdir not in flight; initializing
30 info unpublish No version specified, removing all
31 verbose request uri https://registry.npmjs.org/angular-local-store/-rev/3-6f0ea008b73579a4bd942adba1e06e50
32 verbose request sending authorization for write operation
33 info attempt registry request try #1 at 1:43:41 AM
34 verbose request using bearer token for auth
35 http request DELETE https://registry.npmjs.org/angular-local-store/-rev/3-6f0ea008b73579a4bd942adba1e06e50
36 http 400 https://registry.npmjs.org/angular-local-store/-rev/3-6f0ea008b73579a4bd942adba1e06e50
37 verbose headers { 'content-type': 'application/json',
37 verbose headers   'cache-control': 'max-age=300',
37 verbose headers   'content-length': '171',
37 verbose headers   'accept-ranges': 'bytes',
37 verbose headers   date: 'Tue, 14 Nov 2017 20:13:47 GMT',
37 verbose headers   via: '1.1 varnish',
37 verbose headers   connection: 'keep-alive',
37 verbose headers   'x-served-by': 'cache-sin18033-SIN',
37 verbose headers   'x-cache': 'MISS',
37 verbose headers   'x-cache-hits': '0',
37 verbose headers   'x-timer': 'S1510690426.095201,VS0,VE974',
37 verbose headers   vary: 'Accept-Encoding, Accept' }
38 verbose request invalidating C:\Users\indiandollar\AppData\Roaming\npm-cache\registry.npmjs.org\angular-local-store on DELETE
39 verbose stack Error: You can no longer unpublish this package.
39 verbose stack Please deprecate it instead:
39 verbose stack npm deprecate angular-local-store "this package has been deprecated" : angular-local-store
39 verbose stack     at makeError (C:\Program Files\nodejs\node_modules\npm\node_modules\npm-registry-client\lib\request.js:302:12)
39 verbose stack     at CachingRegistryClient.<anonymous> (C:\Program Files\nodejs\node_modules\npm\node_modules\npm-registry-client\lib\request.js:290:14)
39 verbose stack     at Request._callback (C:\Program Files\nodejs\node_modules\npm\node_modules\npm-registry-client\lib\request.js:210:14)
39 verbose stack     at Request.self.callback (C:\Program Files\nodejs\node_modules\npm\node_modules\request\request.js:187:22)
39 verbose stack     at emitTwo (events.js:106:13)
39 verbose stack     at Request.emit (events.js:191:7)
39 verbose stack     at Request.<anonymous> (C:\Program Files\nodejs\node_modules\npm\node_modules\request\request.js:1048:10)
39 verbose stack     at emitOne (events.js:96:13)
39 verbose stack     at Request.emit (events.js:188:7)
39 verbose stack     at IncomingMessage.<anonymous> (C:\Program Files\nodejs\node_modules\npm\node_modules\request\request.js:969:12)
40 verbose statusCode 400
41 verbose pkgid angular-local-store
42 verbose cwd E:\frontend-projects\angular\modules\angular-local-store
43 error Windows_NT 10.0.15063
44 error argv "C:\\Program Files\\nodejs\\node.exe" "C:\\Program Files\\nodejs\\node_modules\\npm\\bin\\npm-cli.js" "unpublish" "angular-local-store" "--force"
45 error node v6.11.3
46 error npm  v3.10.10
47 error code E400
48 error You can no longer unpublish this package.
48 error Please deprecate it instead:
48 error npm deprecate angular-local-store "this package has been deprecated" : angular-local-store
49 error If you need help, you may report this error at:
49 error     <https://github.com/npm/npm/issues>
50 verbose exit [ 1, true ]
